<?xml version="1.0" encoding="UTF-8"?>
<!-- Generated by org.testng.reporters.JUnitXMLReporter -->
<testsuite hostname="ZC-Arumugasamys-MacBook-Pro.local" failures="0" tests="2" name="Default test" time="0.022" errors="0" timestamp="16 Jan 2020 04:31:30 GMT">
  <testcase classname="com.midtrans.test.ScenarioMidTrans" name="@BeforeSuite launchBrowser" time="0.0">
    <failure type="java.io.FileNotFoundException" message="/Users/arumugasamys/Downloads/Selenium_Gojek/Selenium_Gojek\testdata\properties\testProp.property (No such file or directory)">
      <![CDATA[java.io.FileNotFoundException: /Users/arumugasamys/Downloads/Selenium_Gojek/Selenium_Gojek\testdata\properties\testProp.property (No such file or directory)
	at java.base/java.io.FileInputStream.open0(Native Method)
	at java.base/java.io.FileInputStream.open(FileInputStream.java:213)
	at java.base/java.io.FileInputStream.<init>(FileInputStream.java:155)
	at java.base/java.io.FileInputStream.<init>(FileInputStream.java:110)
	at com.midtrans.utils.Readprop.fetchproperty(Readprop.java:14)
	at com.midtrans.Initialize.Setup.launchBrowser(Setup.java:30)
	at java.base/jdk.internal.reflect.NativeMethodAccessorImpl.invoke0(Native Method)
	at java.base/jdk.internal.reflect.NativeMethodAccessorImpl.invoke(NativeMethodAccessorImpl.java:62)
	at java.base/jdk.internal.reflect.DelegatingMethodAccessorImpl.invoke(DelegatingMethodAccessorImpl.java:43)
	at java.base/java.lang.reflect.Method.invoke(Method.java:567)
	at org.testng.internal.MethodInvocationHelper.invokeMethod(MethodInvocationHelper.java:85)
	at org.testng.internal.Invoker.invokeConfigurationMethod(Invoker.java:510)
	at org.testng.internal.Invoker.invokeConfigurations(Invoker.java:211)
	at org.testng.internal.Invoker.invokeConfigurations(Invoker.java:138)
	at org.testng.SuiteRunner.privateRun(SuiteRunner.java:298)
	at org.testng.SuiteRunner.run(SuiteRunner.java:261)
	at org.testng.SuiteRunnerWorker.runSuite(SuiteRunnerWorker.java:52)
	at org.testng.SuiteRunnerWorker.run(SuiteRunnerWorker.java:86)
	at org.testng.TestNG.runSuitesSequentially(TestNG.java:1191)
	at org.testng.TestNG.runSuitesLocally(TestNG.java:1116)
	at org.testng.TestNG.run(TestNG.java:1024)
	at org.testng.remote.AbstractRemoteTestNG.run(AbstractRemoteTestNG.java:115)
	at org.testng.remote.RemoteTestNG.initAndRun(RemoteTestNG.java:251)
	at org.testng.remote.RemoteTestNG.main(RemoteTestNG.java:77)
]]>
    </failure>
  </testcase> <!-- @BeforeSuite launchBrowser -->
  <testcase classname="com.midtrans.test.ScenarioMidTrans" name="buyWithValidCard" time="0.001">
    <skipped/>
  </testcase> <!-- buyWithValidCard -->
  <testcase classname="com.midtrans.test.ScenarioMidTrans" name="buyWithInValidCard" time="0.0">
    <skipped/>
  </testcase> <!-- buyWithInValidCard -->
</testsuite> <!-- Default test -->
